<?xml version="1.0" encoding="UTF-8"?>
<testsuite name="FizzBuzzTests" tests="2" skipped="0" failures="0" errors="0" timestamp="2021-08-31T13:24:05" hostname="FDG-C02X16JYJG5M" time="0.025">
  <properties/>
  <testcase name="fizzBuzzSolutionTes2()" classname="FizzBuzzTests" time="0.022"/>
  <testcase name="multipleNumberTest()" classname="FizzBuzzTests" time="0.002"/>
  <system-out><![CDATA[]]></system-out>
  <system-err><![CDATA[]]></system-err>
</testsuite>
